[2020-03-02T14:34:51.077408+01:00] logger.DEBUG: This is a log debug! ^_^  [] []
[2020-03-02T14:34:51.077815+01:00] logger.INFO: This is a log! ^_^  [] []
[2020-03-02T14:34:51.078245+01:00] logger.WARNING: This is a log warning! ^_^  [] []
[2020-03-02T14:34:51.078727+01:00] logger.ERROR: This is a log error! ^_^  [] []
[2020-03-02T14:34:54.358745+01:00] logger.DEBUG: This is a log debug! ^_^  [] []
[2020-03-02T14:34:54.359065+01:00] logger.INFO: This is a log! ^_^  [] []
[2020-03-02T14:34:54.359320+01:00] logger.WARNING: This is a log warning! ^_^  [] []
[2020-03-02T14:34:54.359625+01:00] logger.ERROR: This is a log error! ^_^  [] []
[2020-03-02T15:01:48.803048+01:00] logger.DEBUG: 0 [] []
[2020-03-02T15:02:32.006571+01:00] logger.DEBUG: This is a log debug! ^_^ aa [] []
[2020-03-02T15:02:34.613649+01:00] logger.DEBUG: This is a log debug! ^_^ zz [] []
[2020-03-02T15:05:41.845567+01:00] logger.DEBUG: DEBUG (100): Detailed debug informationzz [] []
[2020-03-02T15:05:46.258851+01:00] logger.DEBUG: DEBUG (100): Detailed debug informationa [] []
[2020-03-02T15:18:04.125200+01:00] logger.DEBUG: DEBUG (100): Detailed debug informationa [] []
[2020-03-02T15:18:09.457888+01:00] logger.DEBUG: This is a log WARNING ! ^_^ w [] []
[2020-03-02T15:19:15.662432+01:00] logger.DEBUG: This is a log INFO ! ^_^ a [] []
[2020-03-02T15:19:18.063385+01:00] logger.DEBUG: This is a log WARNING ! ^_^ a [] []
[2020-03-02T15:22:23.471295+01:00] DEBUG.DEBUG: DEBUG (100): Detailed debug informationa [] []
[2020-03-02T15:37:58.394661+01:00] DEBUG.DEBUG: DEBUG (100): Detailed debug informationa [] []
[2020-03-02T15:38:11.842504+01:00] DEBUG.DEBUG: DEBUG (100): Detailed debug informationa [] []
[2020-03-02T15:38:18.972394+01:00] DEBUG.DEBUG: DEBUG (100): Detailed debug informationa [] []
[2020-03-02T15:38:25.360817+01:00] DEBUG.DEBUG: DEBUG (100): Detailed debug informationa [] []
[2020-03-02T15:47:36.778726+01:00] DEBUG.DEBUG: DEBUG (100): Detailed debug informationa [] []
